app/build/intermediates/manifest_merge_blame_file/debug/processDebugMainManifest/manifest-merger-blame-debug-report.txt
1<?xml version="1.0" encoding="utf-8"?>
2<manifest xmlns:android="http://schemas.android.com/apk/res/android"
3    package="com.itantra"
4    android:versionCode="1"
5    android:versionName="1.0.0" >
6
7    <uses-sdk
8        android:minSdkVersion="24"
9        android:targetSdkVersion="34" />
10
11    <!-- Audio recording permissions -->
12    <uses-permission android:name="android.permission.RECORD_AUDIO" />
12-->src\main\AndroidManifest.xml:6:5-71
12-->src\main\AndroidManifest.xml:6:22-68
13    <uses-permission android:name="android.permission.MODIFY_AUDIO_SETTINGS" />
13-->src\main\AndroidManifest.xml:7:5-80
13-->src\main\AndroidManifest.xml:7:22-77
14    <uses-permission android:name="android.permission.WAKE_LOCK" />
14-->src\main\AndroidManifest.xml:8:5-68
14-->src\main\AndroidManifest.xml:8:22-65
15
16    <!-- Bluetooth permissions (Legacy + Android 12+) -->
17    <uses-permission
17-->src\main\AndroidManifest.xml:11:5-95
18        android:name="android.permission.BLUETOOTH"
18-->src\main\AndroidManifest.xml:11:22-65
19        android:maxSdkVersion="30" />
19-->src\main\AndroidManifest.xml:11:66-92
20    <uses-permission
20-->src\main\AndroidManifest.xml:12:5-101
21        android:name="android.permission.BLUETOOTH_ADMIN"
21-->src\main\AndroidManifest.xml:12:22-71
22        android:maxSdkVersion="30" />
22-->src\main\AndroidManifest.xml:12:72-98
23    <uses-permission android:name="android.permission.BLUETOOTH_CONNECT" />
23-->src\main\AndroidManifest.xml:13:5-76
23-->src\main\AndroidManifest.xml:13:22-73
24    <uses-permission
24-->src\main\AndroidManifest.xml:14:5-15:58
25        android:name="android.permission.BLUETOOTH_SCAN"
25-->src\main\AndroidManifest.xml:14:22-70
26        android:usesPermissionFlags="neverForLocation" />
26-->src\main\AndroidManifest.xml:15:9-55
27    <uses-permission android:name="android.permission.BLUETOOTH_ADVERTISE" />
27-->src\main\AndroidManifest.xml:16:5-78
27-->src\main\AndroidManifest.xml:16:22-75
28
29    <!-- Wi-Fi Direct (P2P) and Local Sockets -->
30    <uses-permission android:name="android.permission.ACCESS_WIFI_STATE" />
30-->src\main\AndroidManifest.xml:19:5-76
30-->src\main\AndroidManifest.xml:19:22-73
31    <uses-permission android:name="android.permission.CHANGE_WIFI_STATE" />
31-->src\main\AndroidManifest.xml:20:5-76
31-->src\main\AndroidManifest.xml:20:22-73
32    <uses-permission android:name="android.permission.ACCESS_NETWORK_STATE" />
32-->src\main\AndroidManifest.xml:21:5-79
32-->src\main\AndroidManifest.xml:21:22-76
33    <uses-permission android:name="android.permission.CHANGE_NETWORK_STATE" />
33-->src\main\AndroidManifest.xml:22:5-79
33-->src\main\AndroidManifest.xml:22:22-76
34    <uses-permission android:name="android.permission.INTERNET" />
34-->src\main\AndroidManifest.xml:23:5-67
34-->src\main\AndroidManifest.xml:23:22-64
35    <uses-permission
35-->src\main\AndroidManifest.xml:24:5-25:58
36        android:name="android.permission.NEARBY_WIFI_DEVICES"
36-->src\main\AndroidManifest.xml:24:22-75
37        android:usesPermissionFlags="neverForLocation" />
37-->src\main\AndroidManifest.xml:25:9-55
38
39    <!-- Location required for P2P / BT discovery on older Android versions -->
40    <uses-permission android:name="android.permission.ACCESS_FINE_LOCATION" />
40-->src\main\AndroidManifest.xml:28:5-79
40-->src\main\AndroidManifest.xml:28:22-76
41    <uses-permission android:name="android.permission.ACCESS_COARSE_LOCATION" />
41-->src\main\AndroidManifest.xml:29:5-81
41-->src\main\AndroidManifest.xml:29:22-78
42
43    <permission
43-->[androidx.core:core:1.13.1] AndroidManifest.xml:22:5-24:47
44        android:name="com.itantra.DYNAMIC_RECEIVER_NOT_EXPORTED_PERMISSION"
44-->[androidx.core:core:1.13.1] AndroidManifest.xml:23:9-81
45        android:protectionLevel="signature" />
45-->[androidx.core:core:1.13.1] AndroidManifest.xml:24:9-44
46
47    <uses-permission android:name="com.itantra.DYNAMIC_RECEIVER_NOT_EXPORTED_PERMISSION" />
47-->[androidx.core:core:1.13.1] AndroidManifest.xml:26:5-97
47-->[androidx.core:core:1.13.1] AndroidManifest.xml:26:22-94
48
49    <application
49-->src\main\AndroidManifest.xml:31:5-51:19
50        android:name="com.itantra.iTantraApp"
50-->src\main\AndroidManifest.xml:32:9-35
51        android:allowBackup="true"
51-->src\main\AndroidManifest.xml:33:9-35
52        android:appComponentFactory="androidx.core.app.CoreComponentFactory"
52-->[androidx.core:core:1.13.1] AndroidManifest.xml:28:18-86
53        android:debuggable="true"
54        android:extractNativeLibs="false"
55        android:icon="@mipmap/ic_launcher"
55-->src\main\AndroidManifest.xml:34:9-43
56        android:label="@string/app_name"
56-->src\main\AndroidManifest.xml:35:9-41
57        android:roundIcon="@mipmap/ic_launcher_round"
57-->src\main\AndroidManifest.xml:36:9-54
58        android:supportsRtl="true"
58-->src\main\AndroidManifest.xml:37:9-35
59        android:theme="@style/Theme.ITantra" >
59-->src\main\AndroidManifest.xml:38:9-45
60        <activity
60-->src\main\AndroidManifest.xml:40:9-49:20
61            android:name="com.itantra.ui.MainActivity"
61-->src\main\AndroidManifest.xml:41:13-44
62            android:configChanges="orientation|screenSize"
62-->src\main\AndroidManifest.xml:44:13-59
63            android:exported="true"
63-->src\main\AndroidManifest.xml:42:13-36
64            android:screenOrientation="portrait" >
64-->src\main\AndroidManifest.xml:43:13-49
65            <intent-filter>
65-->src\main\AndroidManifest.xml:45:13-48:29
66                <action android:name="android.intent.action.MAIN" />
66-->src\main\AndroidManifest.xml:46:17-69
66-->src\main\AndroidManifest.xml:46:25-66
67
68                <category android:name="android.intent.category.LAUNCHER" />
68-->src\main\AndroidManifest.xml:47:17-77
68-->src\main\AndroidManifest.xml:47:27-74
69            </intent-filter>
70        </activity>
71
72        <provider
72-->[androidx.emoji2:emoji2:1.3.0] AndroidManifest.xml:24:9-32:20
73            android:name="androidx.startup.InitializationProvider"
73-->[androidx.emoji2:emoji2:1.3.0] AndroidManifest.xml:25:13-67
74            android:authorities="com.itantra.androidx-startup"
74-->[androidx.emoji2:emoji2:1.3.0] AndroidManifest.xml:26:13-68
75            android:exported="false" >
75-->[androidx.emoji2:emoji2:1.3.0] AndroidManifest.xml:27:13-37
76            <meta-data
76-->[androidx.emoji2:emoji2:1.3.0] AndroidManifest.xml:29:13-31:52
77                android:name="androidx.emoji2.text.EmojiCompatInitializer"
77-->[androidx.emoji2:emoji2:1.3.0] AndroidManifest.xml:30:17-75
78                android:value="androidx.startup" />
78-->[androidx.emoji2:emoji2:1.3.0] AndroidManifest.xml:31:17-49
79            <meta-data
79-->[androidx.lifecycle:lifecycle-process:2.8.4] AndroidManifest.xml:29:13-31:52
80                android:name="androidx.lifecycle.ProcessLifecycleInitializer"
80-->[androidx.lifecycle:lifecycle-process:2.8.4] AndroidManifest.xml:30:17-78
81                android:value="androidx.startup" />
81-->[androidx.lifecycle:lifecycle-process:2.8.4] AndroidManifest.xml:31:17-49
82            <meta-data
82-->[androidx.profileinstaller:profileinstaller:1.3.1] AndroidManifest.xml:29:13-31:52
83                android:name="androidx.profileinstaller.ProfileInstallerInitializer"
83-->[androidx.profileinstaller:profileinstaller:1.3.1] AndroidManifest.xml:30:17-85
84                android:value="androidx.startup" />
84-->[androidx.profileinstaller:profileinstaller:1.3.1] AndroidManifest.xml:31:17-49
85        </provider>
86
87        <receiver
87-->[androidx.profileinstaller:profileinstaller:1.3.1] AndroidManifest.xml:34:9-52:20
88            android:name="androidx.profileinstaller.ProfileInstallReceiver"
88-->[androidx.profileinstaller:profileinstaller:1.3.1] AndroidManifest.xml:35:13-76
89            android:directBootAware="false"
89-->[androidx.profileinstaller:profileinstaller:1.3.1] AndroidManifest.xml:36:13-44
90            android:enabled="true"
90-->[androidx.profileinstaller:profileinstaller:1.3.1] AndroidManifest.xml:37:13-35
91            android:exported="true"
91-->[androidx.profileinstaller:profileinstaller:1.3.1] AndroidManifest.xml:38:13-36
92            android:permission="android.permission.DUMP" >
92-->[androidx.profileinstaller:profileinstaller:1.3.1] AndroidManifest.xml:39:13-57
93            <intent-filter>
93-->[androidx.profileinstaller:profileinstaller:1.3.1] AndroidManifest.xml:40:13-42:29
94                <action android:name="androidx.profileinstaller.action.INSTALL_PROFILE" />
94-->[androidx.profileinstaller:profileinstaller:1.3.1] AndroidManifest.xml:41:17-91
94-->[androidx.profileinstaller:profileinstaller:1.3.1] AndroidManifest.xml:41:25-88
95            </intent-filter>
96            <intent-filter>
96-->[androidx.profileinstaller:profileinstaller:1.3.1] AndroidManifest.xml:43:13-45:29
97                <action android:name="androidx.profileinstaller.action.SKIP_FILE" />
97-->[androidx.profileinstaller:profileinstaller:1.3.1] AndroidManifest.xml:44:17-85
97-->[androidx.profileinstaller:profileinstaller:1.3.1] AndroidManifest.xml:44:25-82
98            </intent-filter>
99            <intent-filter>
99-->[androidx.profileinstaller:profileinstaller:1.3.1] AndroidManifest.xml:46:13-48:29
100                <action android:name="androidx.profileinstaller.action.SAVE_PROFILE" />
100-->[androidx.profileinstaller:profileinstaller:1.3.1] AndroidManifest.xml:47:17-88
100-->[androidx.profileinstaller:profileinstaller:1.3.1] AndroidManifest.xml:47:25-85
101            </intent-filter>
102            <intent-filter>
102-->[androidx.profileinstaller:profileinstaller:1.3.1] AndroidManifest.xml:49:13-51:29
103                <action android:name="androidx.profileinstaller.action.BENCHMARK_OPERATION" />
103-->[androidx.profileinstaller:profileinstaller:1.3.1] AndroidManifest.xml:50:17-95
103-->[androidx.profileinstaller:profileinstaller:1.3.1] AndroidManifest.xml:50:25-92
104            </intent-filter>
105        </receiver>
106    </application>
107
108</manifest>